2016-09-03T14:26:46.734Z - info: UPDATE_SEARCH_BOX_SIZE : {
  "newSize": {
    "width": 297
  }
}
2016-09-03T14:26:49.229Z - info: UPDATE_TEAM_THEME : {
  "theme": {
    "column_bg": "#4D394B",
    "menu_bg": "#3E313C",
    "active_item": "#4C9689",
    "active_item_text": "#FFFFFF",
    "hover_item": "#3E313C",
    "text_color": "#FFFFFF",
    "active_presence": "#38978D",
    "badge": "#EB4D5C"
  },
  "teamId": "T24APCV71"
}
2016-09-03T14:26:51.291Z - info: UPDATE_UNREADS_INFO : {
  "unreads": 0,
  "unreadHighlights": 0,
  "showBullet": true,
  "teamId": "T24APCV71"
}
2016-09-03T14:26:52.331Z - info: UPDATE_TEAM_ICONS : {
  "icons": false,
  "teamId": "T24APCV71"
}
2016-09-03T18:25:03.805Z - info: Window is unloading, winssb is no longer accessible
